#
# There is insufficient memory for the Java Runtime Environment to continue.
# Native memory allocation (mmap) failed to map 1074790400 bytes for Failed to commit area from 0x0000000089c00000 to 0x00000000c9d00000 of length 1074790400.
# Possible reasons:
#   The system is out of physical RAM or swap space
#   The process is running with CompressedOops enabled, and the Java Heap may be blocking the growth of the native heap
# Possible solutions:
#   Reduce memory load on the system
#   Increase physical memory or swap space
#   Check if swap backing store is full
#   Decrease Java heap size (-Xmx/-Xms)
#   Decrease number of Java threads
#   Decrease Java thread stack sizes (-Xss)
#   Set larger code cache with -XX:ReservedCodeCacheSize=
#   JVM is running with Unscaled Compressed Oops mode in which the Java heap is
#     placed in the first 4GB address space. The Java Heap base address is the
#     maximum limit for the native heap growth. Please use -XX:HeapBaseMinAddress
#     to set the Java Heap base and to place the Java Heap above 4GB virtual address.
# This output file may be truncated or incomplete.
#
#  Out of Memory Error (t:/workspace/open/src/hotspot/os/windows/os_windows.cpp:3254), pid=15484, tid=8132
#
# JRE version: Java(TM) SE Runtime Environment (12.0.1+12) (build 12.0.1+12)
# Java VM: Java HotSpot(TM) 64-Bit Server VM (12.0.1+12, mixed mode, sharing, tiered, compressed oops, g1 gc, windows-amd64)
# No core dump will be written. Minidumps are not enabled by default on client versions of Windows
#

---------------  S U M M A R Y ------------

Command Line: blocks.jar

Host: Intel(R) Core(TM) i5-8250U CPU @ 1.60GHz, 8 cores, 7G,  Windows 10 , 64 bit Build 18362 (10.0.18362.1316)
Time: Tue Feb 23 01:05:50 2021 ?D1¨²¡À¨º¡Á?¨º¡À?? elapsed time: 2512 seconds (0d 0h 41m 52s)

---------------  T H R E A D  ---------------

Current thread (0x00000241957bb800):  JavaThread "AWT-EventQueue-0" [_thread_in_vm, id=8132, stack(0x0000006a43a00000,0x0000006a43b00000)]

Stack: [0x0000006a43a00000,0x0000006a43b00000]
Native frames: (J=compiled Java code, j=interpreted, Vv=VM code, C=native code)
V  [jvm.dll+0x63948a]
V  [jvm.dll+0x78b31f]
V  [jvm.dll+0x78c9c1]
V  [jvm.dll+0x78d013]
V  [jvm.dll+0x262138]
V  [jvm.dll+0x63698a]
V  [jvm.dll+0x62b505]
V  [jvm.dll+0x31d9bc]
V  [jvm.dll+0x31d7ef]
V  [jvm.dll+0x323526]
V  [jvm.dll+0x370f76]
V  [jvm.dll+0x370750]
V  [jvm.dll+0x2f806c]
V  [jvm.dll+0x2f37ff]
V  [jvm.dll+0x5cfbb2]
V  [jvm.dll+0x5cf64b]
V  [jvm.dll+0x209e8d]
V  [jvm.dll+0x763f27]
V  [jvm.dll+0x395dbf]
C  0x000002418001f9cd

Java frames: (J=compiled Java code, j=interpreted, Vv=VM code)
j  util.SerializeUtil.readBytes(Ljava/io/DataInputStream;)[B+4
J 2595 c2 graphics.MyCanvas.exec(I)Z (1318 bytes) @ 0x0000024187c55a18 [0x0000024187c4e100+0x0000000000007918]
J 2863 c2 graphics.MyCanvas.draw()V (15 bytes) @ 0x0000024187cb4c5c [0x0000024187cb4b60+0x00000000000000fc]
J 3133 c2 javax.swing.JComponent.paintChildren(Ljava/awt/Graphics;)V java.desktop@12.0.1 (691 bytes) @ 0x0000024187d4ec74 [0x0000024187d4cf00+0x0000000000001d74]
J 3198 c2 javax.swing.JComponent.paint(Ljava/awt/Graphics;)V java.desktop@12.0.1 (409 bytes) @ 0x0000024187c25044 [0x0000024187c24780+0x00000000000008c4]
J 3008 c2 javax.swing.JComponent._paintImmediately(IIII)V java.desktop@12.0.1 (891 bytes) @ 0x0000024187d2daf0 [0x0000024187d2bd60+0x0000000000001d90]
J 3200 c2 javax.swing.RepaintManager$ProcessingRunnable.run()V java.desktop@12.0.1 (41 bytes) @ 0x0000024187d18f54 [0x0000024187d181e0+0x0000000000000d74]
J 3061 c2 java.awt.EventQueue.dispatchEventImpl(Ljava/awt/AWTEvent;Ljava/lang/Object;)V java.desktop@12.0.1 (136 bytes) @ 0x0000024187b8b584 [0x0000024187b8b180+0x0000000000000404]
J 3194 c2 java.awt.EventQueue.dispatchEvent(Ljava/awt/AWTEvent;)V java.desktop@12.0.1 (80 bytes) @ 0x0000024187ba2ec0 [0x0000024187ba29a0+0x0000000000000520]
J 3195 c2 java.awt.EventDispatchThread.pumpOneEventForFilters(I)V java.desktop@12.0.1 (113 bytes) @ 0x0000024187c0eff4 [0x0000024187c0e740+0x00000000000008b4]
J 3251% c2 java.awt.EventDispatchThread.pumpEventsForFilter(ILjava/awt/Conditional;Ljava/awt/EventFilter;)V java.desktop@12.0.1 (47 bytes) @ 0x0000024187bab2e0 [0x0000024187bab1e0+0x0000000000000100]
j  java.awt.EventDispatchThread.pumpEventsForHierarchy(ILjava/awt/Conditional;Ljava/awt/Component;)V+11 java.desktop@12.0.1
j  java.awt.EventDispatchThread.pumpEvents(ILjava/awt/Conditional;)V+4 java.desktop@12.0.1
j  java.awt.EventDispatchThread.pumpEvents(Ljava/awt/Conditional;)V+3 java.desktop@12.0.1
j  java.awt.EventDispatchThread.run()V+9 java.desktop@12.0.1
v  ~StubRoutines::call_stub

---------------  P R O C E S S  ---------------

Threads class SMR info:
_java_thread_list=0x00000241988e2990, length=15, elements={
0x00000241f5b28000, 0x00000241ff882800, 0x00000241ff887000, 0x00000241ff8a2800,
0x00000241ff8a3800, 0x00000241ff8a5000, 0x00000241ff8a9800, 0x00000241ff8b0800,
0x00000241ffa50000, 0x00000241ffa5b800, 0x0000024195817800, 0x000002419585c000,
0x00000241958a0800, 0x00000241ffcae800, 0x00000241957bb800
}

Java Threads: ( => current thread )
  0x00000241f5b28000 JavaThread "main" [_thread_in_native, id=13052, stack(0x0000006a43b00000,0x0000006a43c00000)]
  0x00000241ff882800 JavaThread "Reference Handler" daemon [_thread_blocked, id=15660, stack(0x0000006a44200000,0x0000006a44300000)]
  0x00000241ff887000 JavaThread "Finalizer" daemon [_thread_blocked, id=15324, stack(0x0000006a44300000,0x0000006a44400000)]
  0x00000241ff8a2800 JavaThread "Signal Dispatcher" daemon [_thread_blocked, id=1092, stack(0x0000006a44400000,0x0000006a44500000)]
  0x00000241ff8a3800 JavaThread "Attach Listener" daemon [_thread_blocked, id=12760, stack(0x0000006a44500000,0x0000006a44600000)]
  0x00000241ff8a5000 JavaThread "C2 CompilerThread0" daemon [_thread_blocked, id=15924, stack(0x0000006a44600000,0x0000006a44700000)]
  0x00000241ff8a9800 JavaThread "C1 CompilerThread0" daemon [_thread_blocked, id=11624, stack(0x0000006a44700000,0x0000006a44800000)]
  0x00000241ff8b0800 JavaThread "Sweeper thread" daemon [_thread_blocked, id=1540, stack(0x0000006a44800000,0x0000006a44900000)]
  0x00000241ffa50000 JavaThread "Service Thread" daemon [_thread_blocked, id=6044, stack(0x0000006a44900000,0x0000006a44a00000)]
  0x00000241ffa5b800 JavaThread "Common-Cleaner" daemon [_thread_blocked, id=2084, stack(0x0000006a44b00000,0x0000006a44c00000)]
  0x0000024195817800 JavaThread "Java2D Disposer" daemon [_thread_blocked, id=14352, stack(0x0000006a44c00000,0x0000006a44d00000)]
  0x000002419585c000 JavaThread "AWT-Windows" daemon [_thread_in_native, id=15096, stack(0x0000006a44e00000,0x0000006a44f00000)]
  0x00000241958a0800 JavaThread "Thread-0" [_thread_blocked, id=15960, stack(0x0000006a45200000,0x0000006a45300000)]
  0x00000241ffcae800 JavaThread "AWT-Shutdown" [_thread_blocked, id=880, stack(0x0000006a43900000,0x0000006a43a00000)]
=>0x00000241957bb800 JavaThread "AWT-EventQueue-0" [_thread_in_vm, id=8132, stack(0x0000006a43a00000,0x0000006a43b00000)]

Other Threads:
  0x00000241ff881000 VMThread "VM Thread" [stack: 0x0000006a44100000,0x0000006a44200000] [id=12536]
  0x00000241ffa51800 WatcherThread [stack: 0x0000006a44a00000,0x0000006a44b00000] [id=376]
  0x00000241f5b66800 GCTaskThread "GC Thread#0" [stack: 0x0000006a43c00000,0x0000006a43d00000] [id=5832]
  0x00000241958a2800 GCTaskThread "GC Thread#1" [stack: 0x0000006a44f00000,0x0000006a45000000] [id=3736]
  0x00000241958a3000 GCTaskThread "GC Thread#2" [stack: 0x0000006a45000000,0x0000006a45100000] [id=3048]
  0x00000241958ac000 GCTaskThread "GC Thread#3" [stack: 0x0000006a45100000,0x0000006a45200000] [id=16032]
  0x0000024195df4000 GCTaskThread "GC Thread#4" [stack: 0x0000006a45800000,0x0000006a45900000] [id=14176]
  0x0000024195e26000 GCTaskThread "GC Thread#5" [stack: 0x0000006a45900000,0x0000006a45a00000] [id=11948]
  0x00000241959da800 GCTaskThread "GC Thread#6" [stack: 0x0000006a45a00000,0x0000006a45b00000] [id=1604]
  0x0000024197615800 GCTaskThread "GC Thread#7" [stack: 0x0000006a45b00000,0x0000006a45c00000] [id=552]
  0x00000241f5b76000 ConcurrentGCThread "G1 Main Marker" [stack: 0x0000006a43d00000,0x0000006a43e00000] [id=13652]
  0x00000241f5b78000 ConcurrentGCThread "G1 Conc#0" [stack: 0x0000006a43e00000,0x0000006a43f00000] [id=14344]
  0x0000024195ea6800 ConcurrentGCThread "G1 Conc#1" [stack: 0x0000006a43800000,0x0000006a43900000] [id=16312]
  0x00000241ff700800 ConcurrentGCThread "G1 Refine#0" [stack: 0x0000006a43f00000,0x0000006a44000000] [id=3120]
  0x00000241ff701000 ConcurrentGCThread "G1 Young RemSet Sampling" [stack: 0x0000006a44000000,0x0000006a44100000] [id=1384]

Threads with active compile tasks:

VM state:not at safepoint (normal execution)

VM Mutex/Monitor currently owned by a thread:  ([mutex/lock_event])
[0x00000241f5b24560] Heap_lock - owner thread: 0x00000241957bb800

Heap address: 0x0000000081c00000, size: 2020 MB, Compressed Oops mode: 32-bit
Narrow klass base: 0x0000000800000000, Narrow klass shift: 3
Compressed class space size: 1073741824 Address: 0x00000008011a0000

Heap:
 garbage-first heap   total 1180672K, used 16047K [0x0000000081c00000, 0x0000000100000000)
  region size 1024K, 1 young (1024K), 1 survivors (1024K)
 Metaspace       used 12508K, capacity 12889K, committed 13056K, reserved 1060864K
  class space    used 1554K, capacity 1708K, committed 1792K, reserved 1048576K
Heap Regions: E=young(eden), S=young(survivor), O=old, HS=humongous(starts), HC=humongous(continues), CS=collection set, F=free, A=archive, TAMS=top-at-mark-start (previous, next)
|   0|0x0000000081c00000, 0x0000000081d00000, 0x0000000081d00000|100%| O|  |TAMS 0x0000000081c00000, 0x0000000081d00000| Untracked 
|   1|0x0000000081d00000, 0x0000000081e00000, 0x0000000081e00000|100%|HS|  |TAMS 0x0000000081d00000, 0x0000000081e00000| Complete 
|   2|0x0000000081e00000, 0x0000000081f00000, 0x0000000081f00000|100%|HS|  |TAMS 0x0000000081e00000, 0x0000000081f00000| Complete 
|   3|0x0000000081f00000, 0x0000000082000000, 0x0000000082000000|100%|HC|  |TAMS 0x0000000081f00000, 0x0000000082000000| Complete 
|   4|0x0000000082000000, 0x0000000082100000, 0x0000000082100000|100%|HC|  |TAMS 0x0000000082000000, 0x0000000082100000| Complete 
|   5|0x0000000082100000, 0x0000000082200000, 0x0000000082200000|100%|HC|  |TAMS 0x0000000082100000, 0x0000000082200000| Complete 
|   6|0x0000000082200000, 0x0000000082300000, 0x0000000082300000|100%|HC|  |TAMS 0x0000000082200000, 0x0000000082300000| Complete 
|   7|0x0000000082300000, 0x0000000082400000, 0x0000000082400000|100%|HC|  |TAMS 0x0000000082300000, 0x0000000082400000| Complete 
|   8|0x0000000082400000, 0x0000000082500000, 0x0000000082500000|100%|HC|  |TAMS 0x0000000082400000, 0x0000000082500000| Complete 
|   9|0x0000000082500000, 0x0000000082600000, 0x0000000082600000|100%| O|  |TAMS 0x0000000082500000, 0x0000000082600000| Untracked 
|  10|0x0000000082600000, 0x0000000082700000, 0x0000000082700000|100%| O|  |TAMS 0x0000000082600000, 0x0000000082700000| Untracked 
|  11|0x0000000082700000, 0x0000000082800000, 0x0000000082800000|100%| O|  |TAMS 0x0000000082700000, 0x0000000082800000| Untracked 
|  12|0x0000000082800000, 0x0000000082900000, 0x0000000082900000|100%| O|  |TAMS 0x0000000082800000, 0x0000000082900000| Untracked 
|  13|0x0000000082900000, 0x0000000082a00000, 0x0000000082a00000|100%| O|  |TAMS 0x0000000082900000, 0x0000000082a00000| Untracked 
|  14|0x0000000082a00000, 0x0000000082b00000, 0x0000000082b00000|100%| O|  |TAMS 0x0000000082a00000, 0x0000000082b00000| Untracked 
|  15|0x0000000082b00000, 0x0000000082b4fe00, 0x0000000082c00000| 31%| O|  |TAMS 0x0000000082b00000, 0x0000000082b4fe00| Untracked 
|  16|0x0000000082c00000, 0x0000000082c00000, 0x0000000082d00000|  0%| F|  |TAMS 0x0000000082c00000, 0x0000000082c00000| Untracked 
|  17|0x0000000082d00000, 0x0000000082d00000, 0x0000000082e00000|  0%| F|  |TAMS 0x0000000082d00000, 0x0000000082d00000| Untracked 
|  18|0x0000000082e00000, 0x0000000082e00000, 0x0000000082f00000|  0%| F|  |TAMS 0x0000000082e00000, 0x0000000082e00000| Untracked 
|  19|0x0000000082f00000, 0x0000000082f00000, 0x0000000083000000|  0%| F|  |TAMS 0x0000000082f00000, 0x0000000082f00000| Untracked 
|  20|0x0000000083000000, 0x0000000083000000, 0x0000000083100000|  0%| F|  |TAMS 0x0000000083000000, 0x0000000083000000| Untracked 
|  21|0x0000000083100000, 0x0000000083100000, 0x0000000083200000|  0%| F|  |TAMS 0x0000000083100000, 0x0000000083100000| Untracked 
|  22|0x0000000083200000, 0x0000000083200000, 0x0000000083300000|  0%| F|  |TAMS 0x0000000083200000, 0x0000000083200000| Untracked 
|  23|0x0000000083300000, 0x0000000083300000, 0x0000000083400000|  0%| F|  |TAMS 0x0000000083300000, 0x0000000083300000| Untracked 
|  24|0x0000000083400000, 0x0000000083400000, 0x0000000083500000|  0%| F|  |TAMS 0x0000000083400000, 0x0000000083400000| Untracked 
|  25|0x0000000083500000, 0x0000000083500000, 0x0000000083600000|  0%| F|  |TAMS 0x0000000083500000, 0x0000000083500000| Untracked 
|  26|0x0000000083600000, 0x0000000083600000, 0x0000000083700000|  0%| F|  |TAMS 0x0000000083600000, 0x0000000083600000| Untracked 
|  27|0x0000000083700000, 0x0000000083700000, 0x0000000083800000|  0%| F|  |TAMS 0x0000000083700000, 0x0000000083700000| Untracked 
|  28|0x0000000083800000, 0x0000000083800000, 0x0000000083900000|  0%| F|  |TAMS 0x0000000083800000, 0x0000000083800000| Untracked 
|  29|0x0000000083900000, 0x0000000083900000, 0x0000000083a00000|  0%| F|  |TAMS 0x0000000083900000, 0x0000000083900000| Untracked 
|  30|0x0000000083a00000, 0x0000000083a00000, 0x0000000083b00000|  0%| F|  |TAMS 0x0000000083a00000, 0x0000000083a00000| Untracked 
|  31|0x0000000083b00000, 0x0000000083b00000, 0x0000000083c00000|  0%| F|  |TAMS 0x0000000083b00000, 0x0000000083b00000| Untracked 
|  32|0x0000000083c00000, 0x0000000083c00000, 0x0000000083d00000|  0%| F|  |TAMS 0x0000000083c00000, 0x0000000083c00000| Untracked 
|  33|0x0000000083d00000, 0x0000000083d00000, 0x0000000083e00000|  0%| F|  |TAMS 0x0000000083d00000, 0x0000000083d00000| Untracked 
|  34|0x0000000083e00000, 0x0000000083e00000, 0x0000000083f00000|  0%| F|  |TAMS 0x0000000083e00000, 0x0000000083e00000| Untracked 
|  35|0x0000000083f00000, 0x0000000083f00000, 0x0000000084000000|  0%| F|  |TAMS 0x0000000083f00000, 0x0000000083f00000| Untracked 
|  36|0x0000000084000000, 0x0000000084000000, 0x0000000084100000|  0%| F|  |TAMS 0x0000000084000000, 0x0000000084000000| Untracked 
|  37|0x0000000084100000, 0x0000000084100000, 0x0000000084200000|  0%| F|  |TAMS 0x0000000084100000, 0x0000000084100000| Untracked 
|  38|0x0000000084200000, 0x0000000084200000, 0x0000000084300000|  0%| F|  |TAMS 0x0000000084200000, 0x0000000084200000| Untracked 
|  39|0x0000000084300000, 0x0000000084300000, 0x0000000084400000|  0%| F|  |TAMS 0x0000000084300000, 0x0000000084300000| Untracked 
|  40|0x0000000084400000, 0x0000000084400000, 0x0000000084500000|  0%| F|  |TAMS 0x0000000084400000, 0x0000000084400000| Untracked 
|  41|0x0000000084500000, 0x0000000084500000, 0x0000000084600000|  0%| F|  |TAMS 0x0000000084500000, 0x0000000084500000| Untracked 
|  42|0x0000000084600000, 0x0000000084600000, 0x0000000084700000|  0%| F|  |TAMS 0x0000000084600000, 0x0000000084600000| Untracked 
|  43|0x0000000084700000, 0x0000000084700000, 0x0000000084800000|  0%| F|  |TAMS 0x0000000084700000, 0x0000000084700000| Untracked 
|  44|0x0000000084800000, 0x0000000084800000, 0x0000000084900000|  0%| F|  |TAMS 0x0000000084800000, 0x0000000084800000| Untracked 
|  45|0x0000000084900000, 0x0000000084900000, 0x0000000084a00000|  0%| F|  |TAMS 0x0000000084900000, 0x0000000084900000| Untracked 
|  46|0x0000000084a00000, 0x0000000084a00000, 0x0000000084b00000|  0%| F|  |TAMS 0x0000000084a00000, 0x0000000084a00000| Untracked 
|  47|0x0000000084b00000, 0x0000000084b00000, 0x0000000084c00000|  0%| F|  |TAMS 0x0000000084b00000, 0x0000000084b00000| Untracked 
|  48|0x0000000084c00000, 0x0000000084c00000, 0x0000000084d00000|  0%| F|  |TAMS 0x0000000084c00000, 0x0000000084c00000| Untracked 
|  49|0x0000000084d00000, 0x0000000084d00000, 0x0000000084e00000|  0%| F|  |TAMS 0x0000000084d00000, 0x0000000084d00000| Untracked 
|  50|0x0000000084e00000, 0x0000000084e00000, 0x0000000084f00000|  0%| F|  |TAMS 0x0000000084e00000, 0x0000000084e00000| Untracked 
|  51|0x0000000084f00000, 0x0000000084f00000, 0x0000000085000000|  0%| F|  |TAMS 0x0000000084f00000, 0x0000000084f00000| Untracked 
|  52|0x0000000085000000, 0x0000000085000000, 0x0000000085100000|  0%| F|  |TAMS 0x0000000085000000, 0x0000000085000000| Untracked 
|  53|0x0000000085100000, 0x0000000085100000, 0x0000000085200000|  0%| F|  |TAMS 0x0000000085100000, 0x0000000085100000| Untracked 
|  54|0x0000000085200000, 0x0000000085200000, 0x0000000085300000|  0%| F|  |TAMS 0x0000000085200000, 0x0000000085200000| Untracked 
|  55|0x0000000085300000, 0x0000000085300000, 0x0000000085400000|  0%| F|  |TAMS 0x0000000085300000, 0x0000000085300000| Untracked 
|  56|0x0000000085400000, 0x0000000085400000, 0x0000000085500000|  0%| F|  |TAMS 0x0000000085400000, 0x0000000085400000| Untracked 
|  57|0x0000000085500000, 0x0000000085500000, 0x0000000085600000|  0%| F|  |TAMS 0x0000000085500000, 0x0000000085500000| Untracked 
|  58|0x0000000085600000, 0x0000000085600000, 0x0000000085700000|  0%| F|  |TAMS 0x0000000085600000, 0x0000000085600000| Untracked 
|  59|0x0000000085700000, 0x0000000085700000, 0x0000000085800000|  0%| F|  |TAMS 0x0000000085700000, 0x0000000085700000| Untracked 
|  60|0x0000000085800000, 0x0000000085800000, 0x0000000085900000|  0%| F|  |TAMS 0x0000000085800000, 0x0000000085800000| Untracked 
|  61|0x0000000085900000, 0x0000000085900000, 0x0000000085a00000|  0%| F|  |TAMS 0x0000000085900000, 0x0000000085900000| Untracked 
|  62|0x0000000085a00000, 0x0000000085a00000, 0x0000000085b00000|  0%| F|  |TAMS 0x0000000085a00000, 0x0000000085a00000| Untracked 
|  63|0x0000000085b00000, 0x0000000085b00000, 0x0000000085c00000|  0%| F|  |TAMS 0x0000000085b00000, 0x0000000085b00000| Untracked 
|  64|0x0000000085c00000, 0x0000000085c00000, 0x0000000085d00000|  0%| F|  |TAMS 0x0000000085c00000, 0x0000000085c00000| Untracked 
|  65|0x0000000085d00000, 0x0000000085d00000, 0x0000000085e00000|  0%| F|  |TAMS 0x0000000085d00000, 0x0000000085d00000| Untracked 
|  66|0x0000000085e00000, 0x0000000085e00000, 0x0000000085f00000|  0%| F|  |TAMS 0x0000000085e00000, 0x0000000085e00000| Untracked 
|  67|0x0000000085f00000, 0x0000000085f00000, 0x0000000086000000|  0%| F|  |TAMS 0x0000000085f00000, 0x0000000085f00000| Untracked 
|  68|0x0000000086000000, 0x0000000086000000, 0x0000000086100000|  0%| F|  |TAMS 0x0000000086000000, 0x0000000086000000| Untracked 
|  69|0x0000000086100000, 0x0000000086100000, 0x0000000086200000|  0%| F|  |TAMS 0x0000000086100000, 0x0000000086100000| Untracked 
|  70|0x0000000086200000, 0x0000000086200000, 0x0000000086300000|  0%| F|  |TAMS 0x0000000086200000, 0x0000000086200000| Untracked 
|  71|0x0000000086300000, 0x0000000086300000, 0x0000000086400000|  0%| F|  |TAMS 0x0000000086300000, 0x0000000086300000| Untracked 
|  72|0x0000000086400000, 0x0000000086400000, 0x0000000086500000|  0%| F|  |TAMS 0x0000000086400000, 0x0000000086400000| Untracked 
|  73|0x0000000086500000, 0x0000000086500000, 0x0000000086600000|  0%| F|  |TAMS 0x0000000086500000, 0x0000000086500000| Untracked 
|  74|0x0000000086600000, 0x0000000086600000, 0x0000000086700000|  0%| F|  |TAMS 0x0000000086600000, 0x0000000086600000| Untracked 
|  75|0x0000000086700000, 0x0000000086700000, 0x0000000086800000|  0%| F|  |TAMS 0x0000000086700000, 0x0000000086700000| Untracked 
|  76|0x0000000086800000, 0x0000000086800000, 0x0000000086900000|  0%| F|  |TAMS 0x0000000086800000, 0x0000000086800000| Untracked 
|  77|0x0000000086900000, 0x0000000086900000, 0x0000000086a00000|  0%| F|  |TAMS 0x0000000086900000, 0x0000000086900000| Untracked 
|  78|0x0000000086a00000, 0x0000000086a00000, 0x0000000086b00000|  0%| F|  |TAMS 0x0000000086a00000, 0x0000000086a00000| Untracked 
|  79|0x0000000086b00000, 0x0000000086b00000, 0x0000000086c00000|  0%| F|  |TAMS 0x0000000086b00000, 0x0000000086b00000| Untracked 
|  80|0x0000000086c00000, 0x0000000086c00000, 0x0000000086d00000|  0%| F|  |TAMS 0x0000000086c00000, 0x0000000086c00000| Untracked 
|  81|0x0000000086d00000, 0x0000000086d00000, 0x0000000086e00000|  0%| F|  |TAMS 0x0000000086d00000, 0x0000000086d00000| Untracked 
|  82|0x0000000086e00000, 0x0000000086e00000, 0x0000000086f00000|  0%| F|  |TAMS 0x0000000086e00000, 0x0000000086e00000| Untracked 
|  83|0x0000000086f00000, 0x0000000086f00000, 0x0000000087000000|  0%| F|  |TAMS 0x0000000086f00000, 0x0000000086f00000| Untracked 
|  84|0x0000000087000000, 0x0000000087000000, 0x0000000087100000|  0%| F|  |TAMS 0x0000000087000000, 0x0000000087000000| Untracked 
|  85|0x0000000087100000, 0x0000000087100000, 0x0000000087200000|  0%| F|  |TAMS 0x0000000087100000, 0x0000000087100000| Untracked 
|  86|0x0000000087200000, 0x0000000087200000, 0x0000000087300000|  0%| F|  |TAMS 0x0000000087200000, 0x0000000087200000| Untracked 
|  87|0x0000000087300000, 0x0000000087300000, 0x0000000087400000|  0%| F|  |TAMS 0x0000000087300000, 0x0000000087300000| Untracked 
|  88|0x0000000087400000, 0x0000000087400000, 0x0000000087500000|  0%| F|  |TAMS 0x0000000087400000, 0x0000000087400000| Untracked 
|  89|0x0000000087500000, 0x0000000087500000, 0x0000000087600000|  0%| F|  |TAMS 0x0000000087500000, 0x0000000087500000| Untracked 
|  90|0x0000000087600000, 0x0000000087600000, 0x0000000087700000|  0%| F|  |TAMS 0x0000000087600000, 0x0000000087600000| Untracked 
|  91|0x0000000087700000, 0x0000000087700000, 0x0000000087800000|  0%| F|  |TAMS 0x0000000087700000, 0x0000000087700000| Untracked 
|  92|0x0000000087800000, 0x0000000087800000, 0x0000000087900000|  0%| F|  |TAMS 0x0000000087800000, 0x0000000087800000| Untracked 
|  93|0x0000000087900000, 0x0000000087900000, 0x0000000087a00000|  0%| F|  |TAMS 0x0000000087900000, 0x0000000087900000| Untracked 
|  94|0x0000000087a00000, 0x0000000087a00000, 0x0000000087b00000|  0%| F|  |TAMS 0x0000000087a00000, 0x0000000087a00000| Untracked 
|  95|0x0000000087b00000, 0x0000000087b00000, 0x0000000087c00000|  0%| F|  |TAMS 0x0000000087b00000, 0x0000000087b00000| Untracked 
|  96|0x0000000087c00000, 0x0000000087c00000, 0x0000000087d00000|  0%| F|  |TAMS 0x0000000087c00000, 0x0000000087c00000| Untracked 
|  97|0x0000000087d00000, 0x0000000087d00000, 0x0000000087e00000|  0%| F|  |TAMS 0x0000000087d00000, 0x0000000087d00000| Untracked 
|  98|0x0000000087e00000, 0x0000000087e00000, 0x0000000087f00000|  0%| F|  |TAMS 0x0000000087e00000, 0x0000000087e00000| Untracked 
|  99|0x0000000087f00000, 0x0000000087f00000, 0x0000000088000000|  0%| F|  |TAMS 0x0000000087f00000, 0x0000000087f00000| Untracked 
| 100|0x0000000088000000, 0x0000000088000000, 0x0000000088100000|  0%| F|  |TAMS 0x0000000088000000, 0x0000000088000000| Untracked 
| 101|0x0000000088100000, 0x0000000088100000, 0x0000000088200000|  0%| F|  |TAMS 0x0000000088100000, 0x0000000088100000| Untracked 
| 102|0x0000000088200000, 0x0000000088200000, 0x0000000088300000|  0%| F|  |TAMS 0x0000000088200000, 0x0000000088200000| Untracked 
| 103|0x0000000088300000, 0x0000000088300000, 0x0000000088400000|  0%| F|  |TAMS 0x0000000088300000, 0x0000000088300000| Untracked 
| 104|0x0000000088400000, 0x0000000088400000, 0x0000000088500000|  0%| F|  |TAMS 0x0000000088400000, 0x0000000088400000| Untracked 
| 105|0x0000000088500000, 0x000000008855bef0, 0x0000000088600000| 35%| S|CS|TAMS 0x0000000088500000, 0x0000000088500000| Complete 
| 106|0x0000000088600000, 0x0000000088600000, 0x0000000088700000|  0%| F|  |TAMS 0x0000000088600000, 0x0000000088600000| Untracked 
| 107|0x0000000088700000, 0x0000000088700000, 0x0000000088800000|  0%| F|  |TAMS 0x0000000088700000, 0x0000000088700000| Untracked 
| 108|0x0000000088800000, 0x0000000088800000, 0x0000000088900000|  0%| F|  |TAMS 0x0000000088800000, 0x0000000088800000| Untracked 
| 109|0x0000000088900000, 0x0000000088900000, 0x0000000088a00000|  0%| F|  |TAMS 0x0000000088900000, 0x0000000088900000| Untracked 
| 110|0x0000000088a00000, 0x0000000088a00000, 0x0000000088b00000|  0%| F|  |TAMS 0x0000000088a00000, 0x0000000088a00000| Untracked 
| 111|0x0000000088b00000, 0x0000000088b00000, 0x0000000088c00000|  0%| F|  |TAMS 0x0000000088b00000, 0x0000000088b00000| Untracked 
| 112|0x0000000088c00000, 0x0000000088c00000, 0x0000000088d00000|  0%| F|  |TAMS 0x0000000088c00000, 0x0000000088c00000| Untracked 
| 113|0x0000000088d00000, 0x0000000088d00000, 0x0000000088e00000|  0%| F|  |TAMS 0x0000000088d00000, 0x0000000088d00000| Untracked 
| 114|0x0000000088e00000, 0x0000000088e00000, 0x0000000088f00000|  0%| F|  |TAMS 0x0000000088e00000, 0x0000000088e00000| Untracked 
| 115|0x0000000088f00000, 0x0000000088f00000, 0x0000000089000000|  0%| F|  |TAMS 0x0000000088f00000, 0x0000000088f00000| Untracked 
| 116|0x0000000089000000, 0x0000000089000000, 0x0000000089100000|  0%| F|  |TAMS 0x0000000089000000, 0x0000000089000000| Untracked 
| 117|0x0000000089100000, 0x0000000089100000, 0x0000000089200000|  0%| F|  |TAMS 0x0000000089100000, 0x0000000089100000| Untracked 
| 118|0x0000000089200000, 0x0000000089200000, 0x0000000089300000|  0%| F|  |TAMS 0x0000000089200000, 0x0000000089200000| Untracked 
| 119|0x0000000089300000, 0x0000000089300000, 0x0000000089400000|  0%| F|  |TAMS 0x0000000089300000, 0x0000000089300000| Untracked 
| 120|0x0000000089400000, 0x0000000089400000, 0x0000000089500000|  0%| F|  |TAMS 0x0000000089400000, 0x0000000089400000| Untracked 
| 121|0x0000000089500000, 0x0000000089500000, 0x0000000089600000|  0%| F|  |TAMS 0x0000000089500000, 0x0000000089500000| Untracked 
| 122|0x0000000089600000, 0x0000000089600000, 0x0000000089700000|  0%| F|  |TAMS 0x0000000089600000, 0x0000000089600000| Untracked 
| 123|0x0000000089700000, 0x0000000089700000, 0x0000000089800000|  0%| F|  |TAMS 0x0000000089700000, 0x0000000089700000| Untracked 
| 124|0x0000000089800000, 0x0000000089800000, 0x0000000089900000|  0%| F|  |TAMS 0x0000000089800000, 0x0000000089800000| Untracked 
| 125|0x0000000089900000, 0x0000000089900000, 0x0000000089a00000|  0%| F|  |TAMS 0x0000000089900000, 0x0000000089900000| Untracked 
| 126|0x0000000089a00000, 0x0000000089a00000, 0x0000000089b00000|  0%| F|  |TAMS 0x0000000089a00000, 0x0000000089a00000| Untracked 
| 127|0x0000000089b00000, 0x0000000089b00000, 0x0000000089c00000|  0%| F|  |TAMS 0x0000000089b00000, 0x0000000089b00000| Untracked 

Card table byte_map: [0x00000241fe660000,0x00000241fea60000] _byte_map_base: 0x00000241fe252000

Marking Bits (Prev, Next): (CMBitMap*) 0x00000241f5b67478, (CMBitMap*) 0x00000241f5b674b8
 Prev Bits: [0x000002418f000000, 0x0000024190f90000)
 Next Bits: [0x0000024190f90000, 0x0000024192f20000)

Polling page: 0x00000241f39e0000

Metaspace:

Usage:
  Non-class:     10.92 MB capacity,    10.70 MB ( 98%) used,   195.44 KB (  2%) free+waste,    31.50 KB ( <1%) overhead. 
      Class:      1.67 MB capacity,     1.52 MB ( 91%) used,   135.08 KB (  8%) free+waste,    18.31 KB (  1%) overhead. 
       Both:     12.59 MB capacity,    12.22 MB ( 97%) used,   330.52 KB (  3%) free+waste,    49.81 KB ( <1%) overhead. 

Virtual space:
  Non-class space:       12.00 MB reserved,      11.00 MB ( 92%) committed 
      Class space:        1.00 GB reserved,       1.75 MB ( <1%) committed 
             Both:        1.01 GB reserved,      12.75 MB (  1%) committed 

Chunk freelists:
   Non-Class:  2.38 KB
       Class:  2.50 KB
        Both:  4.88 KB

CodeHeap 'non-profiled nmethods': size=120000Kb used=2314Kb max_used=2545Kb free=117685Kb
 bounds [0x0000024187ad0000, 0x0000024187d70000, 0x000002418f000000]
CodeHeap 'profiled nmethods': size=120000Kb used=3733Kb max_used=5770Kb free=116267Kb
 bounds [0x00000241805a0000, 0x0000024180b50000, 0x0000024187ad0000]
CodeHeap 'non-nmethods': size=5760Kb used=1254Kb max_used=1303Kb free=4505Kb
 bounds [0x0000024180000000, 0x0000024180270000, 0x00000241805a0000]
 total_blobs=5305 nmethods=2416 adapters=533
 compilation: enabled
              stopped_count=0, restarted_count=0
 full_count=0

Compilation events (10 events):
Event: 1816.459 Thread 0x00000241ff8a5000 3249 % !   4       com.ccz.blocks.UpdateThread::replay @ 74 (165 bytes)
Event: 1816.485 Thread 0x00000241ff8a5000 nmethod 3249% 0x0000024187c30e90 code [0x0000024187c311a0, 0x0000024187c328d8]
Event: 1851.255 Thread 0x00000241ff8a5000 3250   !   4       com.ccz.blocks.UpdateThread::replay (165 bytes)
Event: 1851.569 Thread 0x00000241ff8a5000 nmethod 3250 0x0000024187d5b990 code [0x0000024187d5c240, 0x0000024187d64ba8]
Event: 1897.286 Thread 0x00000241ff8a5000 3251 %     4       java.awt.EventDispatchThread::pumpEventsForFilter @ 10 (47 bytes)
Event: 1897.288 Thread 0x00000241ff8a5000 nmethod 3251% 0x0000024187bab010 code [0x0000024187bab1e0, 0x0000024187bab498]
Event: 2464.397 Thread 0x00000241ff8a5000 3252   !   4       java.util.concurrent.ConcurrentHashMap::initTable (112 bytes)
Event: 2464.400 Thread 0x00000241ff8a5000 nmethod 3252 0x0000024187bd0b10 code [0x0000024187bd0cc0, 0x0000024187bd0fb8]
Event: 2512.115 Thread 0x00000241ff8a9800 3253       3       graphics.MyCanvas::drawBmp (100 bytes)
Event: 2512.116 Thread 0x00000241ff8a9800 nmethod 3253 0x0000024180642390 code [0x0000024180642600, 0x0000024180643020]

GC Heap History (10 events):
Event: 2508.598 GC heap before
{Heap before GC invocations=2181 (full 0):
 garbage-first heap   total 131072K, used 93377K [0x0000000081c00000, 0x0000000100000000)
  region size 1024K, 76 young (77824K), 1 survivors (1024K)
 Metaspace       used 12508K, capacity 12889K, committed 13056K, reserved 1060864K
  class space    used 1554K, capacity 1708K, committed 1792K, reserved 1048576K
}
Event: 2508.600 GC heap after
{Heap after GC invocations=2182 (full 0):
 garbage-first heap   total 131072K, used 16626K [0x0000000081c00000, 0x0000000100000000)
  region size 1024K, 1 young (1024K), 1 survivors (1024K)
 Metaspace       used 12508K, capacity 12889K, committed 13056K, reserved 1060864K
  class space    used 1554K, capacity 1708K, committed 1792K, reserved 1048576K
}
Event: 2509.674 GC heap before
{Heap before GC invocations=2182 (full 0):
 garbage-first heap   total 131072K, used 93426K [0x0000000081c00000, 0x0000000100000000)
  region size 1024K, 76 young (77824K), 1 survivors (1024K)
 Metaspace       used 12508K, capacity 12889K, committed 13056K, reserved 1060864K
  class space    used 1554K, capacity 1708K, committed 1792K, reserved 1048576K
}
Event: 2509.676 GC heap after
{Heap after GC invocations=2183 (full 0):
 garbage-first heap   total 131072K, used 16703K [0x0000000081c00000, 0x0000000100000000)
  region size 1024K, 1 young (1024K), 1 survivors (1024K)
 Metaspace       used 12508K, capacity 12889K, committed 13056K, reserved 1060864K
  class space    used 1554K, capacity 1708K, committed 1792K, reserved 1048576K
}
Event: 2510.739 GC heap before
{Heap before GC invocations=2183 (full 0):
 garbage-first heap   total 131072K, used 93503K [0x0000000081c00000, 0x0000000100000000)
  region size 1024K, 76 young (77824K), 1 survivors (1024K)
 Metaspace       used 12508K, capacity 12889K, committed 13056K, reserved 1060864K
  class space    used 1554K, capacity 1708K, committed 1792K, reserved 1048576K
}
Event: 2510.741 GC heap after
{Heap after GC invocations=2184 (full 0):
 garbage-first heap   total 131072K, used 16726K [0x0000000081c00000, 0x0000000100000000)
  region size 1024K, 2 young (2048K), 2 survivors (2048K)
 Metaspace       used 12508K, capacity 12889K, committed 13056K, reserved 1060864K
  class space    used 1554K, capacity 1708K, committed 1792K, reserved 1048576K
}
Event: 2511.871 GC heap before
{Heap before GC invocations=2184 (full 0):
 garbage-first heap   total 131072K, used 92502K [0x0000000081c00000, 0x0000000100000000)
  region size 1024K, 76 young (77824K), 2 survivors (2048K)
 Metaspace       used 12508K, capacity 12889K, committed 13056K, reserved 1060864K
  class space    used 1554K, capacity 1708K, committed 1792K, reserved 1048576K
}
Event: 2511.874 GC heap after
{Heap after GC invocations=2185 (full 0):
 garbage-first heap   total 131072K, used 16775K [0x0000000081c00000, 0x0000000100000000)
  region size 1024K, 2 young (2048K), 2 survivors (2048K)
 Metaspace       used 12508K, capacity 12889K, committed 13056K, reserved 1060864K
  class space    used 1554K, capacity 1708K, committed 1792K, reserved 1048576K
}
Event: 2512.182 GC heap before
{Heap before GC invocations=2185 (full 0):
 garbage-first heap   total 131072K, used 38279K [0x0000000081c00000, 0x0000000100000000)
  region size 1024K, 24 young (24576K), 2 survivors (2048K)
 Metaspace       used 12508K, capacity 12889K, committed 13056K, reserved 1060864K
  class space    used 1554K, capacity 1708K, committed 1792K, reserved 1048576K
}
Event: 2512.186 GC heap after
{Heap after GC invocations=2186 (full 0):
 garbage-first heap   total 131072K, used 16047K [0x0000000081c00000, 0x0000000100000000)
  region size 1024K, 1 young (1024K), 1 survivors (1024K)
 Metaspace       used 12508K, capacity 12889K, committed 13056K, reserved 1060864K
  class space    used 1554K, capacity 1708K, committed 1792K, reserved 1048576K
}

Deoptimization events (10 events):
Event: 442.558 Thread 0x00000241957bb800 Uncommon trap: reason=unstable_if action=reinterpret pc=0x0000024187bdc2bc method=sun.java2d.pipe.SpanShapeRenderer.renderRect(Lsun/java2d/SunGraphics2D;Ljava/awt/geom/Rectangle2D;)V @ 57 c2
Event: 715.298 Thread 0x00000241957bb800 Uncommon trap: reason=unstable_if action=reinterpret pc=0x0000024187c7c27c method=sun.font.FileFontStrike.getGlyphMetrics(IZ)Ljava/awt/geom/Point2D$Float; @ 20 c2
Event: 715.299 Thread 0x00000241957bb800 Uncommon trap: reason=unstable_if action=reinterpret pc=0x0000024187bab4f4 method=sun.font.FileFontStrike.getGlyphMetrics(IZ)Ljava/awt/geom/Point2D$Float; @ 20 c2
Event: 715.299 Thread 0x00000241957bb800 Uncommon trap: reason=unstable_if action=reinterpret pc=0x0000024187ba7318 method=sun.font.FileFontStrike.getGlyphMetrics(IZ)Ljava/awt/geom/Point2D$Float; @ 20 c2
Event: 715.299 Thread 0x00000241957bb800 Uncommon trap: reason=unstable_if action=reinterpret pc=0x0000024187bdacd4 method=sun.font.FileFontStrike.getGlyphOutline(IFF)Ljava/awt/geom/GeneralPath; @ 10 c2
Event: 715.299 Thread 0x00000241957bb800 Uncommon trap: reason=unstable_if action=reinterpret pc=0x0000024187bf8488 method=sun.font.FileFontStrike.getGlyphAdvance(IZ)F @ 85 c2
Event: 971.197 Thread 0x00000241957bb800 Uncommon trap: reason=bimorphic_or_optimized_type_check action=maybe_recompile pc=0x0000024187ce4cc8 method=java.util.Hashtable.put(Ljava/lang/Object;Ljava/lang/Object;)Ljava/lang/Object; @ 60 c2
Event: 1800.942 Thread 0x0000024195817800 Uncommon trap: reason=unstable_if action=reinterpret pc=0x0000024187bd0ca8 method=java.util.Hashtable.remove(Ljava/lang/Object;)Ljava/lang/Object; @ 51 c2
Event: 2284.004 Thread 0x00000241957bb800 Uncommon trap: reason=bimorphic_or_optimized_type_check action=maybe_recompile pc=0x0000024187ce4cc8 method=java.util.Hashtable.put(Ljava/lang/Object;Ljava/lang/Object;)Ljava/lang/Object; @ 60 c2
Event: 2512.100 Thread 0x00000241957bb800 Uncommon trap: reason=unstable_if action=reinterpret pc=0x0000024187c4bd28 method=graphics.MyCanvas.drawBmp(Lgraphics/Bitmap;FFFF)V @ 1 c2

Classes redefined (0 events):
No events

Internal exceptions (10 events):
Event: 56.797 Thread 0x00000241957bb800 Implicit null exception at 0x0000024187bd7733 to 0x0000024187bd8bf2
Event: 317.600 Thread 0x00000241957bb800 Implicit null exception at 0x0000024187cb3c04 to 0x0000024187cb3d66
Event: 318.752 Thread 0x00000241957bb800 Implicit null exception at 0x0000024187cf0fc9 to 0x0000024187cf13a4
Event: 318.752 Thread 0x00000241957bb800 Implicit null exception at 0x0000024187cf6be1 to 0x0000024187cf73ef
Event: 344.894 Thread 0x00000241958a0800 Exception <a 'java/io/FileNotFoundException'{0x00000000874820b8}> (0x00000000874820b8) thrown at [t:/workspace/open/src/hotspot/share/prims/jni.cpp, line 615]
Event: 387.933 Thread 0x00000241958a0800 Exception <a 'java/io/FileNotFoundException'{0x0000000087302d48}> (0x0000000087302d48) thrown at [t:/workspace/open/src/hotspot/share/prims/jni.cpp, line 615]
Event: 397.061 Thread 0x00000241958a0800 Exception <a 'java/io/FileNotFoundException'{0x0000000087202b50}> (0x0000000087202b50) thrown at [t:/workspace/open/src/hotspot/share/prims/jni.cpp, line 615]
Event: 418.385 Thread 0x00000241957bb800 Implicit null exception at 0x0000024187c6d713 to 0x0000024187c6dc9e
Event: 715.299 Thread 0x00000241957bb800 Implicit null exception at 0x0000024187bd9bd9 to 0x0000024187bdacb6
Event: 2512.100 Thread 0x00000241957bb800 Implicit null exception at 0x0000024187c4a910 to 0x0000024187c4bd0a

Events (10 events):
Event: 2509.676 Executing VM operation: G1CollectForAllocation done
Event: 2510.739 Executing VM operation: G1CollectForAllocation
Event: 2510.741 Executing VM operation: G1CollectForAllocation done
Event: 2511.871 Executing VM operation: G1CollectForAllocation
Event: 2511.874 Executing VM operation: G1CollectForAllocation done
Event: 2512.100 Thread 0x00000241957bb800 Uncommon trap: trap_request=0xffffff4d fr.pc=0x0000024187c4bd28 relative=0x0000000000001468
Event: 2512.100 Thread 0x00000241957bb800 DEOPT PACKING pc=0x0000024187c4bd28 sp=0x0000006a43afeac0
Event: 2512.100 Thread 0x00000241957bb800 DEOPT UNPACKING pc=0x0000024180029baf sp=0x0000006a43afea88 mode 2
Event: 2512.182 Executing VM operation: G1CollectForAllocation
Event: 2512.186 Executing VM operation: G1CollectForAllocation done


Dynamic libraries:
0x00007ff729ab0000 - 0x00007ff729abf000 	C:\Java\jdk-12.0.1\bin\java.exe
0x00007ff8ca300000 - 0x00007ff8ca4f0000 	C:\WINDOWS\SYSTEM32\ntdll.dll
0x00007ff8c8530000 - 0x00007ff8c85e2000 	C:\WINDOWS\System32\KERNEL32.DLL
0x00007ff8c7ef0000 - 0x00007ff8c8195000 	C:\WINDOWS\System32\KERNELBASE.dll
0x00007ff8c7d90000 - 0x00007ff8c7e8a000 	C:\WINDOWS\System32\ucrtbase.dll
0x00007ff8a2390000 - 0x00007ff8a23a6000 	C:\Java\jdk-12.0.1\bin\VCRUNTIME140.dll
0x00007ff8a22a0000 - 0x00007ff8a22b8000 	C:\Java\jdk-12.0.1\bin\jli.dll
0x00007ff8c86a0000 - 0x00007ff8c8743000 	C:\WINDOWS\System32\ADVAPI32.dll
0x00007ff8c9620000 - 0x00007ff8c96be000 	C:\WINDOWS\System32\msvcrt.dll
0x00007ff8ca0a0000 - 0x00007ff8ca137000 	C:\WINDOWS\System32\sechost.dll
0x00007ff8ca1a0000 - 0x00007ff8ca2bf000 	C:\WINDOWS\System32\RPCRT4.dll
0x00007ff8c8d90000 - 0x00007ff8c8f24000 	C:\WINDOWS\System32\USER32.dll
0x00007ff8c7ec0000 - 0x00007ff8c7ee1000 	C:\WINDOWS\System32\win32u.dll
0x00007ff8c84a0000 - 0x00007ff8c84c6000 	C:\WINDOWS\System32\GDI32.dll
0x00007ff8c7470000 - 0x00007ff8c7608000 	C:\WINDOWS\System32\gdi32full.dll
0x00007ff8b5e00000 - 0x00007ff8b6084000 	C:\WINDOWS\WinSxS\amd64_microsoft.windows.common-controls_6595b64144ccf1df_6.0.18362.1316_none_9e7a364fe461dbd7\COMCTL32.dll
0x00007ff8c82f0000 - 0x00007ff8c838e000 	C:\WINDOWS\System32\msvcp_win.dll
0x00007ff8c96f0000 - 0x00007ff8c9a27000 	C:\WINDOWS\System32\combase.dll
0x00007ff8c7280000 - 0x00007ff8c7301000 	C:\WINDOWS\System32\bcryptPrimitives.dll
0x00007ff8c07c0000 - 0x00007ff8c07ca000 	C:\WINDOWS\SYSTEM32\VERSION.dll
0x00007ff8c96c0000 - 0x00007ff8c96ee000 	C:\WINDOWS\System32\IMM32.DLL
0x00007ff894350000 - 0x00007ff8943fa000 	C:\Java\jdk-12.0.1\bin\msvcp140.dll
0x00007ff86b530000 - 0x00007ff86c0a4000 	C:\Java\jdk-12.0.1\bin\server\jvm.dll
0x00007ff8c9b90000 - 0x00007ff8c9b98000 	C:\WINDOWS\System32\PSAPI.DLL
0x00007ff8ac9d0000 - 0x00007ff8ac9d9000 	C:\WINDOWS\SYSTEM32\WSOCK32.dll
0x00007ff8c4a50000 - 0x00007ff8c4a74000 	C:\WINDOWS\SYSTEM32\WINMM.dll
0x00007ff8c8d20000 - 0x00007ff8c8d8f000 	C:\WINDOWS\System32\WS2_32.dll
0x00007ff8c45d0000 - 0x00007ff8c45fd000 	C:\WINDOWS\SYSTEM32\WINMMBASE.dll
0x00007ff8c7420000 - 0x00007ff8c746a000 	C:\WINDOWS\System32\cfgmgr32.dll
0x00007ff8c71c0000 - 0x00007ff8c71d1000 	C:\WINDOWS\System32\kernel.appcore.dll
0x00007ff89cac0000 - 0x00007ff89cad1000 	C:\Java\jdk-12.0.1\bin\verify.dll
0x00007ff8c5a70000 - 0x00007ff8c5c64000 	C:\WINDOWS\SYSTEM32\DBGHELP.DLL
0x00007ff8b5810000 - 0x00007ff8b583a000 	C:\WINDOWS\SYSTEM32\dbgcore.DLL
0x00007ff89ae30000 - 0x00007ff89ae56000 	C:\Java\jdk-12.0.1\bin\java.dll
0x00007ff89b260000 - 0x00007ff89b277000 	C:\Java\jdk-12.0.1\bin\zip.dll
0x00007ff8a9690000 - 0x00007ff8a969a000 	C:\Java\jdk-12.0.1\bin\jimage.dll
0x00007ff8c8f30000 - 0x00007ff8c9618000 	C:\WINDOWS\System32\SHELL32.dll
0x00007ff8c85f0000 - 0x00007ff8c8697000 	C:\WINDOWS\System32\shcore.dll
0x00007ff8c7610000 - 0x00007ff8c7d8b000 	C:\WINDOWS\System32\windows.storage.dll
0x00007ff8c71e0000 - 0x00007ff8c7203000 	C:\WINDOWS\System32\profapi.dll
0x00007ff8c7230000 - 0x00007ff8c727a000 	C:\WINDOWS\System32\powrprof.dll
0x00007ff8c71b0000 - 0x00007ff8c71c0000 	C:\WINDOWS\System32\UMPDC.dll
0x00007ff8c8b30000 - 0x00007ff8c8b82000 	C:\WINDOWS\System32\shlwapi.dll
0x00007ff8c8390000 - 0x00007ff8c83a7000 	C:\WINDOWS\System32\cryptsp.dll
0x00007ff89b1d0000 - 0x00007ff89b1e9000 	C:\Java\jdk-12.0.1\bin\net.dll
0x00007ff8c4d60000 - 0x00007ff8c4e50000 	C:\WINDOWS\SYSTEM32\WINHTTP.dll
0x00007ff8b8800000 - 0x00007ff8b89d6000 	C:\WINDOWS\SYSTEM32\urlmon.dll
0x00007ff8b8530000 - 0x00007ff8b87d7000 	C:\WINDOWS\SYSTEM32\iertutil.dll
0x00007ff8c6bc0000 - 0x00007ff8c6bcc000 	C:\WINDOWS\SYSTEM32\CRYPTBASE.DLL
0x00007ff8c69f0000 - 0x00007ff8c6a57000 	C:\WINDOWS\system32\mswsock.dll
0x00007ff89ad80000 - 0x00007ff89ad93000 	C:\Java\jdk-12.0.1\bin\nio.dll
0x00007ff8866b0000 - 0x00007ff88684f000 	C:\Java\jdk-12.0.1\bin\awt.dll
0x00007ff8c8750000 - 0x00007ff8c8815000 	C:\WINDOWS\System32\OLEAUT32.dll
0x00007ff8c36d0000 - 0x00007ff8c3c90000 	C:\WINDOWS\SYSTEM32\d2d1.dll
0x00007ff8c4c80000 - 0x00007ff8c4d0f000 	C:\WINDOWS\SYSTEM32\apphelp.dll
0x00007ff8c6500000 - 0x00007ff8c6533000 	C:\WINDOWS\system32\rsaenh.dll
0x00007ff8c7e90000 - 0x00007ff8c7eb6000 	C:\WINDOWS\System32\bcrypt.dll
0x00007ff8c70d0000 - 0x00007ff8c70f5000 	C:\WINDOWS\SYSTEM32\USERENV.dll
0x00007ff8c6700000 - 0x00007ff8c673a000 	C:\WINDOWS\SYSTEM32\IPHLPAPI.DLL
0x00007ff8c8b90000 - 0x00007ff8c8b98000 	C:\WINDOWS\System32\NSI.dll
0x00007ff8bde80000 - 0x00007ff8bde96000 	C:\WINDOWS\SYSTEM32\dhcpcsvc6.DLL
0x00007ff8bf110000 - 0x00007ff8bf12c000 	C:\WINDOWS\SYSTEM32\dhcpcsvc.DLL
0x00007ff8c6740000 - 0x00007ff8c680b000 	C:\WINDOWS\SYSTEM32\DNSAPI.dll
0x00007ff8c5660000 - 0x00007ff8c568d000 	C:\WINDOWS\system32\DWMAPI.DLL
0x00007ff8c5130000 - 0x00007ff8c51c9000 	C:\WINDOWS\system32\uxtheme.dll
0x00007ff8a5fb0000 - 0x00007ff8a6106000 	C:\WINDOWS\system32\opengl32.dll
0x00007ff8aa0f0000 - 0x00007ff8aa11c000 	C:\WINDOWS\SYSTEM32\GLU32.dll
0x00007ff8c5dd0000 - 0x00007ff8c5df0000 	C:\WINDOWS\SYSTEM32\dxcore.dll
0x00007ff8c8820000 - 0x00007ff8c8955000 	C:\WINDOWS\System32\MSCTF.dll
0x00007ff8c9a30000 - 0x00007ff8c9b87000 	C:\WINDOWS\System32\ole32.dll
0x00007ff899160000 - 0x00007ff8991e0000 	C:\Java\jdk-12.0.1\bin\freetype.dll
0x00007ff898c40000 - 0x00007ff898caf000 	C:\Java\jdk-12.0.1\bin\fontmanager.dll
0x00007ff8b1e30000 - 0x00007ff8b1ecd000 	C:\WINDOWS\System32\TextInputFramework.dll
0x00007ff8c2b00000 - 0x00007ff8c2e2a000 	C:\WINDOWS\System32\CoreUIComponents.dll
0x00007ff8c4970000 - 0x00007ff8c4a44000 	C:\WINDOWS\System32\CoreMessaging.dll
0x00007ff8c61d0000 - 0x00007ff8c6201000 	C:\WINDOWS\SYSTEM32\ntmarta.dll
0x00007ff8c2960000 - 0x00007ff8c2ab2000 	C:\WINDOWS\SYSTEM32\wintypes.dll

dbghelp: loaded successfully - version: 4.0.5 - missing functions: none
symbol engine: initialized successfully - sym options: 0x614 - pdb path: .;C:\Java\jdk-12.0.1\bin;C:\WINDOWS\SYSTEM32;C:\WINDOWS\WinSxS\amd64_microsoft.windows.common-controls_6595b64144ccf1df_6.0.18362.1316_none_9e7a364fe461dbd7;C:\Java\jdk-12.0.1\bin\server

VM Arguments:
java_command: blocks.jar
java_class_path (initial): blocks.jar
Launcher Type: SUN_STANDARD

[Global flags]
     intx CICompilerCount                          = 4                                         {product} {ergonomic}
     uint ConcGCThreads                            = 2                                         {product} {ergonomic}
     uint G1ConcRefinementThreads                  = 8                                         {product} {ergonomic}
   size_t G1HeapRegionSize                         = 1048576                                   {product} {ergonomic}
    uintx GCDrainStackTargetSize                   = 64                                        {product} {ergonomic}
   size_t InitialHeapSize                          = 134217728                                 {product} {ergonomic}
   size_t MarkStackSize                            = 4194304                                   {product} {ergonomic}
   size_t MaxHeapSize                              = 2118123520                                {product} {ergonomic}
   size_t MaxNewSize                               = 1270874112                                {product} {ergonomic}
   size_t MinHeapDeltaBytes                        = 1048576                                   {product} {ergonomic}
    uintx NonNMethodCodeHeapSize                   = 5836300                                {pd product} {ergonomic}
    uintx NonProfiledCodeHeapSize                  = 122910970                              {pd product} {ergonomic}
    uintx ProfiledCodeHeapSize                     = 122910970                              {pd product} {ergonomic}
    uintx ReservedCodeCacheSize                    = 251658240                              {pd product} {ergonomic}
     bool SegmentedCodeCache                       = true                                      {product} {ergonomic}
     bool UseCompressedClassPointers               = true                                 {lp64_product} {ergonomic}
     bool UseCompressedOops                        = true                                 {lp64_product} {ergonomic}
     bool UseG1GC                                  = true                                      {product} {ergonomic}
     bool UseLargePagesIndividualAllocation        = false                                  {pd product} {ergonomic}

Logging:
Log output configuration:
 #0: stdout all=warning uptime,level,tags
 #1: stderr all=off uptime,level,tags

Environment Variables:
JAVA_HOME=C:\Java\jdk-12.0.1
CLASSPATH=.;C:\Java\jdk-12.0.1\lib\dt.jar;C:\Java\jdk-12.0.1\lib\tools.jar
PATH=C:\Program Files (x86)\Intel\Intel(R) Management Engine Components\iCLS\;C:\Program Files\Intel\Intel(R) Management Engine Components\iCLS\;C:\Windows\system32;C:\Windows;C:\Windows\System32\Wbem;C:\Windows\System32\WindowsPowerShell\v1.0\;C:\Windows\System32\OpenSSH\;C:\Program Files (x86)\Intel\Intel(R) Management Engine Components\DAL;C:\Program Files\Intel\Intel(R) Management Engine Components\DAL;C:\Program Files\Intel\WiFi\bin\;C:\Program Files\Common Files\Intel\WirelessCommon\;C:\Program Files (x86)\NVIDIA Corporation\PhysX\Common;C:\Users\14115\AppData\Local\Programs\Python\Python37;C:\Program Files\Git\cmd;C:\Program Files\OpenVPN\bin;C:\TDM-GCC-64\bin;C:\Gradle\gradle-5.6.2\bin;C:\Java\jdk-12.0.1\bin;C:\WINDOWS\system32;C:\WINDOWS;C:\WINDOWS\System32\Wbem;C:\WINDOWS\System32\WindowsPowerShell\v1.0\;C:\WINDOWS\System32\OpenSSH\;D:\nodejs\;C:\Users\14115\AppData\Local\Programs\Python\Python37\Scripts;C:\Program Files (x86)\Pulse Secure\VC142.CRT\X64\;C:\Program Files (x86)\Pulse Secure\VC142.CRT\X86\;C:\Users\Chengze\AppData\Local\Microsoft\WindowsApps;C:\Users\Chengze\AppData\Local\GitHubDesktop\bin;C:\Users\Chengze\AppData\Local\Microsoft\WindowsApps;C:\Users\Chengze\AppData\Roaming\npm
USERNAME=Chengze
OS=Windows_NT
PROCESSOR_IDENTIFIER=Intel64 Family 6 Model 142 Stepping 10, GenuineIntel



---------------  S Y S T E M  ---------------

OS: Windows 10 , 64 bit Build 18362 (10.0.18362.1316)

CPU:total 8 (initial active 8) (4 cores per cpu, 2 threads per core) family 6 model 142 stepping 10, cmov, cx8, fxsr, mmx, sse, sse2, sse3, ssse3, sse4.1, sse4.2, popcnt, avx, avx2, aes, clmul, erms, 3dnowpref, lzcnt, ht, tsc, tscinvbit, bmi1, bmi2, adx, fma

Memory: 4k page, system-wide physical 8074M (3174M free)
TotalPageFile size 8945M (AvailPageFile size 907M)
current process WorkingSet (physical memory assigned to process): 183M, peak: 207M
current process commit charge ("private bytes"): 240M, peak: 1265M

vm_info: Java HotSpot(TM) 64-Bit Server VM (12.0.1+12) for windows-amd64 JRE (12.0.1+12), built on Apr  2 2019 14:02:19 by "mach5one" with MS VC++ 15.5 (VS2017)

END.
